This file contains any messages produced by compilers while
running configure, to aid debugging if configure makes a mistake.

It was created by bluez configure 5.54, which was
generated by GNU Autoconf 2.69.  Invocation command line was

  $ ./configure --disable-systemd

## --------- ##
## Platform. ##
## --------- ##

hostname = raspberrypi
uname -m = armv7l
uname -r = 4.19.97-v7+
uname -s = Linux
uname -v = #1294 SMP Thu Jan 30 13:15:58 GMT 2020

/usr/bin/uname -p = unknown
/bin/uname -X     = unknown

/bin/arch              = unknown
/usr/bin/arch -k       = unknown
/usr/convex/getsysinfo = unknown
/usr/bin/hostinfo      = unknown
/bin/machine           = unknown
/usr/bin/oslevel       = unknown
/bin/universe          = unknown

PATH: /usr/local/sbin
PATH: /usr/local/bin
PATH: /usr/sbin
PATH: /usr/bin
PATH: /sbin
PATH: /bin


## ----------- ##
## Core tests. ##
## ----------- ##

configure:2520: checking for a BSD-compatible install
configure:2588: result: /usr/bin/install -c
configure:2599: checking whether build environment is sane
configure:2654: result: yes
configure:2803: checking for a thread-safe mkdir -p
configure:2842: result: /bin/mkdir -p
configure:2849: checking for gawk
configure:2879: result: no
configure:2849: checking for mawk
configure:2865: found /usr/bin/mawk
configure:2876: result: mawk
configure:2887: checking whether make sets $(MAKE)
configure:2909: result: yes
configure:2938: checking whether make supports nested variables
configure:2955: result: yes
configure:3034: checking how to create a pax tar archive
configure:3045: tar --version
tar (GNU tar) 1.30
Copyright (C) 2017 Free Software Foundation, Inc.
License GPLv3+: GNU GPL version 3 or later <https://gnu.org/licenses/gpl.html>.
This is free software: you are free to change and redistribute it.
There is NO WARRANTY, to the extent permitted by law.

Written by John Gilmore and Jay Fenlason.
configure:3048: $? = 0
configure:3088: tardir=conftest.dir && eval tar --format=posix -chf - "$tardir" >conftest.tar
configure:3091: $? = 0
configure:3095: tar -xf - <conftest.tar
configure:3098: $? = 0
configure:3100: cat conftest.dir/file
GrepMe
configure:3103: $? = 0
configure:3116: result: gnutar
configure:3180: checking whether make supports nested variables
configure:3197: result: yes
configure:3210: checking whether to enable maintainer-specific portions of Makefiles
configure:3219: result: no
configure:3289: checking for pkg-config
configure:3307: found /usr/bin/pkg-config
configure:3319: result: /usr/bin/pkg-config
configure:3344: checking pkg-config is at least version 0.9.0
configure:3347: result: yes
configure:3387: checking whether make supports the include directive
configure:3402: make -f confmf.GNU && cat confinc.out
this is the am__doit target
configure:3405: $? = 0
configure:3424: result: yes (GNU style)
configure:3494: checking for gcc
configure:3510: found /usr/bin/gcc
configure:3521: result: gcc
configure:3750: checking for C compiler version
configure:3759: gcc --version >&5
gcc (Raspbian 8.3.0-6+rpi1) 8.3.0
Copyright (C) 2018 Free Software Foundation, Inc.
This is free software; see the source for copying conditions.  There is NO
warranty; not even for MERCHANTABILITY or FITNESS FOR A PARTICULAR PURPOSE.

configure:3770: $? = 0
configure:3759: gcc -v >&5
Using built-in specs.
COLLECT_GCC=gcc
COLLECT_LTO_WRAPPER=/usr/lib/gcc/arm-linux-gnueabihf/8/lto-wrapper
Target: arm-linux-gnueabihf
Configured with: ../src/configure -v --with-pkgversion='Raspbian 8.3.0-6+rpi1' --with-bugurl=file:///usr/share/doc/gcc-8/README.Bugs --enable-languages=c,ada,c++,go,d,fortran,objc,obj-c++ --prefix=/usr --with-gcc-major-version-only --program-suffix=-8 --program-prefix=arm-linux-gnueabihf- --enable-shared --enable-linker-build-id --libexecdir=/usr/lib --without-included-gettext --enable-threads=posix --libdir=/usr/lib --enable-nls --enable-bootstrap --enable-clocale=gnu --enable-libstdcxx-debug --enable-libstdcxx-time=yes --with-default-libstdcxx-abi=new --enable-gnu-unique-object --disable-libitm --disable-libquadmath --disable-libquadmath-support --enable-plugin --with-system-zlib --with-target-system-zlib --enable-objc-gc=auto --enable-multiarch --disable-sjlj-exceptions --with-arch=armv6 --with-fpu=vfp --with-float=hard --disable-werror --enable-checking=release --build=arm-linux-gnueabihf --host=arm-linux-gnueabihf --target=arm-linux-gnueabihf
Thread model: posix
gcc version 8.3.0 (Raspbian 8.3.0-6+rpi1) 
configure:3770: $? = 0
configure:3759: gcc -V >&5
gcc: error: unrecognized command line option '-V'
gcc: fatal error: no input files
compilation terminated.
configure:3770: $? = 1
configure:3759: gcc -qversion >&5
gcc: error: unrecognized command line option '-qversion'; did you mean '--version'?
gcc: fatal error: no input files
compilation terminated.
configure:3770: $? = 1
configure:3790: checking whether the C compiler works
configure:3812: gcc    conftest.c  >&5
configure:3816: $? = 0
configure:3864: result: yes
configure:3867: checking for C compiler default output file name
configure:3869: result: a.out
configure:3875: checking for suffix of executables
configure:3882: gcc -o conftest    conftest.c  >&5
configure:3886: $? = 0
configure:3908: result: 
configure:3930: checking whether we are cross compiling
configure:3938: gcc -o conftest    conftest.c  >&5
configure:3942: $? = 0
configure:3949: ./conftest
configure:3953: $? = 0
configure:3941: result: no
configure:3946: checking for suffix of object files
configure:3968: gcc -c   conftest.c >&5
configure:3972: $? = 0
configure:3993: result: o
configure:3997: checking whether we are using the GNU C compiler
configure:4016: gcc -c   conftest.c >&5
configure:4016: $? = 0
configure:4025: result: yes
configure:4034: checking whether gcc accepts -g
configure:4054: gcc -c -g  conftest.c >&5
configure:4054: $? = 0
configure:4095: result: yes
configure:4112: checking for gcc option to accept ISO C89
configure:4175: gcc  -c -g -O2  conftest.c >&5
configure:4175: $? = 0
configure:4188: result: none needed
configure:4213: checking whether gcc understands -c and -o together
configure:4235: gcc -c conftest.c -o conftest2.o
configure:4238: $? = 0
configure:4235: gcc -c conftest.c -o conftest2.o
configure:4238: $? = 0
configure:4250: result: yes
configure:4269: checking dependency style of gcc
configure:4380: result: gcc3
configure:4396: checking for C/C++ restrict keyword
configure:4421: gcc -c -g -O2  conftest.c >&5
configure:4421: $? = 0
configure:4429: result: __restrict
configure:4491: checking for gcc
configure:4518: result: gcc
configure:4747: checking for C compiler version
configure:4756: gcc --version >&5
gcc (Raspbian 8.3.0-6+rpi1) 8.3.0
Copyright (C) 2018 Free Software Foundation, Inc.
This is free software; see the source for copying conditions.  There is NO
warranty; not even for MERCHANTABILITY or FITNESS FOR A PARTICULAR PURPOSE.

configure:4767: $? = 0
configure:4756: gcc -v >&5
Using built-in specs.
COLLECT_GCC=gcc
COLLECT_LTO_WRAPPER=/usr/lib/gcc/arm-linux-gnueabihf/8/lto-wrapper
Target: arm-linux-gnueabihf
Configured with: ../src/configure -v --with-pkgversion='Raspbian 8.3.0-6+rpi1' --with-bugurl=file:///usr/share/doc/gcc-8/README.Bugs --enable-languages=c,ada,c++,go,d,fortran,objc,obj-c++ --prefix=/usr --with-gcc-major-version-only --program-suffix=-8 --program-prefix=arm-linux-gnueabihf- --enable-shared --enable-linker-build-id --libexecdir=/usr/lib --without-included-gettext --enable-threads=posix --libdir=/usr/lib --enable-nls --enable-bootstrap --enable-clocale=gnu --enable-libstdcxx-debug --enable-libstdcxx-time=yes --with-default-libstdcxx-abi=new --enable-gnu-unique-object --disable-libitm --disable-libquadmath --disable-libquadmath-support --enable-plugin --with-system-zlib --with-target-system-zlib --enable-objc-gc=auto --enable-multiarch --disable-sjlj-exceptions --with-arch=armv6 --with-fpu=vfp --with-float=hard --disable-werror --enable-checking=release --build=arm-linux-gnueabihf --host=arm-linux-gnueabihf --target=arm-linux-gnueabihf
Thread model: posix
gcc version 8.3.0 (Raspbian 8.3.0-6+rpi1) 
configure:4767: $? = 0
configure:4756: gcc -V >&5
gcc: error: unrecognized command line option '-V'
gcc: fatal error: no input files
compilation terminated.
configure:4767: $? = 1
configure:4756: gcc -qversion >&5
gcc: error: unrecognized command line option '-qversion'; did you mean '--version'?
gcc: fatal error: no input files
compilation terminated.
configure:4767: $? = 1
configure:4771: checking whether we are using the GNU C compiler
configure:4799: result: yes
configure:4808: checking whether gcc accepts -g
configure:4869: result: yes
configure:4886: checking for gcc option to accept ISO C89
configure:4962: result: none needed
configure:4987: checking whether gcc understands -c and -o together
configure:5024: result: yes
configure:5043: checking dependency style of gcc
configure:5154: result: gcc3
configure:5171: checking whether gcc accepts -fPIE
configure:5186: result: yes
configure:5255: checking build system type
configure:5269: result: armv7l-unknown-linux-gnueabihf
configure:5289: checking host system type
configure:5302: result: armv7l-unknown-linux-gnueabihf
configure:5343: checking how to print strings
configure:5370: result: printf
configure:5391: checking for a sed that does not truncate output
configure:5455: result: /bin/sed
configure:5473: checking for grep that handles long lines and -e
configure:5531: result: /bin/grep
configure:5536: checking for egrep
configure:5598: result: /bin/grep -E
configure:5603: checking for fgrep
configure:5665: result: /bin/grep -F
configure:5700: checking for ld used by gcc
configure:5767: result: /usr/bin/ld
configure:5774: checking if the linker (/usr/bin/ld) is GNU ld
configure:5789: result: yes
configure:5801: checking for BSD- or MS-compatible name lister (nm)
configure:5855: result: /usr/bin/nm -B
configure:5985: checking the name lister (/usr/bin/nm -B) interface
configure:5992: gcc -c -g -O2  conftest.c >&5
configure:5995: /usr/bin/nm -B "conftest.o"
configure:5998: output
00000000 B some_variable
configure:5999: result: BSD nm
configure:6002: checking whether ln -s works
configure:6006: result: yes
configure:6014: checking the maximum length of command line arguments
configure:6145: result: 1572864
configure:6193: checking how to convert armv7l-unknown-linux-gnueabihf file names to armv7l-unknown-linux-gnueabihf format
configure:6233: result: func_convert_file_noop
configure:6240: checking how to convert armv7l-unknown-linux-gnueabihf file names to toolchain format
configure:6260: result: func_convert_file_noop
configure:6267: checking for /usr/bin/ld option to reload object files
configure:6274: result: -r
configure:6348: checking for objdump
configure:6364: found /usr/bin/objdump
configure:6375: result: objdump
configure:6407: checking how to recognize dependent libraries
configure:6607: result: pass_all
configure:6692: checking for dlltool
configure:6722: result: no
configure:6752: checking how to associate runtime and link libraries
configure:6779: result: printf %s\n
configure:6839: checking for ar
configure:6855: found /usr/bin/ar
configure:6866: result: ar
configure:6903: checking for archiver @FILE support
configure:6920: gcc -c -g -O2  conftest.c >&5
configure:6920: $? = 0
configure:6923: ar cr libconftest.a @conftest.lst >&5
configure:6926: $? = 0
configure:6931: ar cr libconftest.a @conftest.lst >&5
ar: conftest.o: No such file or directory
configure:6934: $? = 1
configure:6933: result: @
configure:6991: checking for strip
configure:7007: found /usr/bin/strip
configure:7018: result: strip
configure:7090: checking for ranlib
configure:7106: found /usr/bin/ranlib
configure:7117: result: ranlib
configure:7219: checking command to parse /usr/bin/nm -B output from gcc object
configure:7372: gcc -c -g -O2  conftest.c >&5
configure:7375: $? = 0
configure:7379: /usr/bin/nm -B conftest.o | sed -n -e 's/^.*[	 ]\([ABCDGIRSTW][ABCDGIRSTW]*\)[	 ][	 ]*\([_A-Za-z][_A-Za-z0-9]*\)$/\1 \2 \2/p' | sed '/ __gnu_lto/d' > conftest.nm
configure:7445: gcc -o conftest -g -O2   conftest.c conftstm.o >&5
configure:7448: $? = 0
configure:7486: result: ok
configure:7533: checking for sysroot
configure:7563: result: no
configure:7570: checking for a working dd
configure:7608: result: /bin/dd
configure:7612: checking how to truncate binary pipes
configure:7627: result: /bin/dd bs=4096 count=1
configure:7956: checking for mt
configure:7972: found /bin/mt
configure:7983: result: mt
configure:8006: checking if mt is a manifest tool
configure:8012: mt '-?'
configure:8020: result: no
configure:8697: checking how to run the C preprocessor
configure:8728: gcc -E  conftest.c
configure:8728: $? = 0
configure:8742: gcc -E  conftest.c
conftest.c:12:10: fatal error: ac_nonexistent.h: No such file or directory
 #include <ac_nonexistent.h>
          ^~~~~~~~~~~~~~~~~~
compilation terminated.
configure:8742: $? = 1
configure: failed program was:
| /* confdefs.h */
| #define PACKAGE_NAME "bluez"
| #define PACKAGE_TARNAME "bluez"
| #define PACKAGE_VERSION "5.54"
| #define PACKAGE_STRING "bluez 5.54"
| #define PACKAGE_BUGREPORT ""
| #define PACKAGE_URL ""
| #define PACKAGE "bluez"
| #define VERSION "5.54"
| #define restrict __restrict
| /* end confdefs.h.  */
| #include <ac_nonexistent.h>
configure:8767: result: gcc -E
configure:8787: gcc -E  conftest.c
configure:8787: $? = 0
configure:8801: gcc -E  conftest.c
conftest.c:12:10: fatal error: ac_nonexistent.h: No such file or directory
 #include <ac_nonexistent.h>
          ^~~~~~~~~~~~~~~~~~
compilation terminated.
configure:8801: $? = 1
configure: failed program was:
| /* confdefs.h */
| #define PACKAGE_NAME "bluez"
| #define PACKAGE_TARNAME "bluez"
| #define PACKAGE_VERSION "5.54"
| #define PACKAGE_STRING "bluez 5.54"
| #define PACKAGE_BUGREPORT ""
| #define PACKAGE_URL ""
| #define PACKAGE "bluez"
| #define VERSION "5.54"
| #define restrict __restrict
| /* end confdefs.h.  */
| #include <ac_nonexistent.h>
configure:8830: checking for ANSI C header files
configure:8850: gcc -c -g -O2  conftest.c >&5
configure:8850: $? = 0
configure:8923: gcc -o conftest -g -O2   conftest.c  >&5
configure:8923: $? = 0
configure:8923: ./conftest
configure:8923: $? = 0
configure:8934: result: yes
configure:8947: checking for sys/types.h
configure:8947: gcc -c -g -O2  conftest.c >&5
configure:8947: $? = 0
configure:8947: result: yes
configure:8947: checking for sys/stat.h
configure:8947: gcc -c -g -O2  conftest.c >&5
configure:8947: $? = 0
configure:8947: result: yes
configure:8947: checking for stdlib.h
configure:8947: gcc -c -g -O2  conftest.c >&5
configure:8947: $? = 0
configure:8947: result: yes
configure:8947: checking for string.h
configure:8947: gcc -c -g -O2  conftest.c >&5
configure:8947: $? = 0
configure:8947: result: yes
configure:8947: checking for memory.h
configure:8947: gcc -c -g -O2  conftest.c >&5
configure:8947: $? = 0
configure:8947: result: yes
configure:8947: checking for strings.h
configure:8947: gcc -c -g -O2  conftest.c >&5
configure:8947: $? = 0
configure:8947: result: yes
configure:8947: checking for inttypes.h
configure:8947: gcc -c -g -O2  conftest.c >&5
configure:8947: $? = 0
configure:8947: result: yes
configure:8947: checking for stdint.h
configure:8947: gcc -c -g -O2  conftest.c >&5
configure:8947: $? = 0
configure:8947: result: yes
configure:8947: checking for unistd.h
configure:8947: gcc -c -g -O2  conftest.c >&5
configure:8947: $? = 0
configure:8947: result: yes
configure:8961: checking for dlfcn.h
configure:8961: gcc -c -g -O2  conftest.c >&5
configure:8961: $? = 0
configure:8961: result: yes
configure:9187: checking for objdir
configure:9202: result: .libs
configure:9462: checking if gcc supports -fno-rtti -fno-exceptions
configure:9480: gcc -c -g -O2  -fno-rtti -fno-exceptions conftest.c >&5
cc1: warning: command line option '-fno-rtti' is valid for C++/ObjC++ but not for C
configure:9484: $? = 0
configure:9497: result: no
configure:9861: checking for gcc option to produce PIC
configure:9868: result: -fPIC -DPIC
configure:9876: checking if gcc PIC flag -fPIC -DPIC works
configure:9894: gcc -c -g -O2  -fPIC -DPIC -DPIC conftest.c >&5
configure:9898: $? = 0
configure:9911: result: yes
configure:9940: checking if gcc static flag -static works
configure:9968: result: yes
configure:9983: checking if gcc supports -c -o file.o
configure:10004: gcc -c -g -O2  -o out/conftest2.o conftest.c >&5
configure:10008: $? = 0
configure:10030: result: yes
configure:10038: checking if gcc supports -c -o file.o
configure:10085: result: yes
configure:10118: checking whether the gcc linker (/usr/bin/ld) supports shared libraries
configure:11381: result: yes
configure:11418: checking whether -lc should be explicitly linked in
configure:11426: gcc -c -g -O2  conftest.c >&5
configure:11429: $? = 0
configure:11444: gcc -shared  -fPIC -DPIC conftest.o  -v -Wl,-soname -Wl,conftest -o conftest 2\>\&1 \| /bin/grep  -lc  \>/dev/null 2\>\&1
configure:11447: $? = 0
configure:11461: result: no
configure:11621: checking dynamic linker characteristics
configure:12202: gcc -o conftest -g -O2   -Wl,-rpath -Wl,/foo conftest.c  >&5
configure:12202: $? = 0
configure:12451: result: GNU/Linux ld.so
configure:12573: checking how to hardcode library paths into programs
configure:12598: result: immediate
configure:13146: checking whether stripping libraries is possible
configure:13151: result: yes
configure:13186: checking if libtool supports shared libraries
configure:13188: result: yes
configure:13191: checking whether to build shared libraries
configure:13216: result: yes
configure:13219: checking whether to build static libraries
configure:13223: result: no
configure:10239: checking for explicit_bzero
configure:10239: gcc -o conftest -g -O2   conftest.c  >&5
configure:10239: $? = 0
configure:10239: result: yes
configure:10249: checking for signalfd
configure:10249: gcc -o conftest -g -O2   conftest.c  >&5
configure:10249: $? = 0
configure:10249: result: yes
configure:10257: checking for clock_gettime in -lrt
configure:10282: gcc -o conftest -g -O2   conftest.c -lrt   >&5
configure:10282: $? = 0
configure:10291: result: yes
configure:10300: checking for pthread_create in -lpthread
configure:10325: gcc -o conftest -g -O2   conftest.c -lpthread   >&5
configure:10325: $? = 0
configure:10334: result: yes
configure:10343: checking for dlopen in -ldl
configure:10368: gcc -o conftest -g -O2   conftest.c -ldl   >&5
configure:10368: $? = 0
configure:10377: result: yes
configure:10389: checking linux/types.h usability
configure:10389: gcc -c -g -O2  conftest.c >&5
configure:10389: $? = 0
configure:10389: result: yes
configure:10389: checking linux/types.h presence
configure:10389: gcc -E  conftest.c
configure:10389: $? = 0
configure:10389: result: yes
configure:10389: checking for linux/types.h
configure:10389: result: yes
configure:10389: checking linux/if_alg.h usability
configure:10389: gcc -c -g -O2  conftest.c >&5
configure:10389: $? = 0
configure:10389: result: yes
configure:10389: checking linux/if_alg.h presence
configure:10389: gcc -E  conftest.c
configure:10389: $? = 0
configure:10389: result: yes
configure:10389: checking for linux/if_alg.h
configure:10389: result: yes
configure:10402: checking for GLIB
configure:10409: $PKG_CONFIG --exists --print-errors "glib-2.0 >= 2.28"
configure:10412: $? = 0
configure:10426: $PKG_CONFIG --exists --print-errors "glib-2.0 >= 2.28"
configure:10429: $? = 0
configure:10467: result: yes
configure:10555: checking for DBUS
configure:10562: $PKG_CONFIG --exists --print-errors "dbus-1 >= 1.6"
configure:10565: $? = 0
configure:10579: $PKG_CONFIG --exists --print-errors "dbus-1 >= 1.6"
configure:10582: $? = 0
configure:10620: result: yes
configure:10634: checking D-Bus configuration directory
configure:10640: result: /etc
configure:10653: checking D-Bus system bus services dir
configure:10659: result: /usr/share/dbus-1/system-services
configure:10672: checking D-Bus session bus services dir
configure:10678: result: /usr/share/dbus-1/services
configure:10695: result: ${prefix}/share/zsh/site-functions
configure:10909: checking for UDEV
configure:10916: $PKG_CONFIG --exists --print-errors "libudev >= 172"
configure:10919: $? = 0
configure:10933: $PKG_CONFIG --exists --print-errors "libudev >= 172"
configure:10936: $? = 0
configure:10974: result: yes
configure:10980: checking for udev_hwdb_new in -ludev
configure:11005: gcc -o conftest -g -O2   conftest.c -ludev   >&5
configure:11005: $? = 0
configure:11014: result: yes
configure:11039: checking udev directory
configure:11045: result: /lib/udev
configure:11263: checking for ICAL
configure:11270: $PKG_CONFIG --exists --print-errors "libical"
configure:11273: $? = 0
configure:11287: $PKG_CONFIG --exists --print-errors "libical"
configure:11290: $? = 0
configure:11328: result: yes
configure:11475: checking readline/readline.h usability
configure:11475: gcc -c -g -O2  conftest.c >&5
configure:11475: $? = 0
configure:11475: result: yes
configure:11475: checking readline/readline.h presence
configure:11475: gcc -E  conftest.c
configure:11475: $? = 0
configure:11475: result: yes
configure:11475: checking for readline/readline.h
configure:11475: result: yes
configure:11962: checking that generated files are newer than configure
configure:11968: result: done
configure:12143: creating ./config.status

## ---------------------- ##
## Running config.status. ##
## ---------------------- ##

This file was extended by bluez config.status 5.54, which was
generated by GNU Autoconf 2.69.  Invocation command line was

  CONFIG_FILES    = 
  CONFIG_HEADERS  = 
  CONFIG_LINKS    = 
  CONFIG_COMMANDS = 
  $ ./config.status 

on raspberrypi

config.status:1208: creating Makefile
config.status:1208: creating src/bluetoothd.8
config.status:1208: creating lib/bluez.pc
config.status:1208: creating config.h
config.status:1437: executing depfiles commands
config.status:1514: cd .       && sed -e '/# am--include-marker/d' Makefile         | make -f - am--depfiles
config.status:1519: $? = 0
config.status:1437: executing libtool commands

## ---------------- ##
## Cache variables. ##
## ---------------- ##

ac_cv_build=armv7l-unknown-linux-gnueabihf
ac_cv_c_compiler_gnu=yes
ac_cv_c_restrict=__restrict
ac_cv_env_ALSA_CFLAGS_set=
ac_cv_env_ALSA_CFLAGS_value=
ac_cv_env_ALSA_LIBS_set=
ac_cv_env_ALSA_LIBS_value=
ac_cv_env_CC_set=
ac_cv_env_CC_value=
ac_cv_env_CFLAGS_set=
ac_cv_env_CFLAGS_value=
ac_cv_env_CPPFLAGS_set=
ac_cv_env_CPPFLAGS_value=
ac_cv_env_CPP_set=
ac_cv_env_CPP_value=
ac_cv_env_DBUS_CFLAGS_set=
ac_cv_env_DBUS_CFLAGS_value=
ac_cv_env_DBUS_LIBS_set=
ac_cv_env_DBUS_LIBS_value=
ac_cv_env_ELL_CFLAGS_set=
ac_cv_env_ELL_CFLAGS_value=
ac_cv_env_ELL_LIBS_set=
ac_cv_env_ELL_LIBS_value=
ac_cv_env_GLIB_CFLAGS_set=
ac_cv_env_GLIB_CFLAGS_value=
ac_cv_env_GLIB_LIBS_set=
ac_cv_env_GLIB_LIBS_value=
ac_cv_env_GTHREAD_CFLAGS_set=
ac_cv_env_GTHREAD_CFLAGS_value=
ac_cv_env_GTHREAD_LIBS_set=
ac_cv_env_GTHREAD_LIBS_value=
ac_cv_env_ICAL_CFLAGS_set=
ac_cv_env_ICAL_CFLAGS_value=
ac_cv_env_ICAL_LIBS_set=
ac_cv_env_ICAL_LIBS_value=
ac_cv_env_JSONC_CFLAGS_set=
ac_cv_env_JSONC_CFLAGS_value=
ac_cv_env_JSONC_LIBS_set=
ac_cv_env_JSONC_LIBS_value=
ac_cv_env_LDFLAGS_set=
ac_cv_env_LDFLAGS_value=
ac_cv_env_LIBS_set=
ac_cv_env_LIBS_value=
ac_cv_env_LT_SYS_LIBRARY_PATH_set=
ac_cv_env_LT_SYS_LIBRARY_PATH_value=
ac_cv_env_PKG_CONFIG_LIBDIR_set=
ac_cv_env_PKG_CONFIG_LIBDIR_value=
ac_cv_env_PKG_CONFIG_PATH_set=
ac_cv_env_PKG_CONFIG_PATH_value=
ac_cv_env_PKG_CONFIG_set=
ac_cv_env_PKG_CONFIG_value=
ac_cv_env_SBC_CFLAGS_set=
ac_cv_env_SBC_CFLAGS_value=
ac_cv_env_SBC_LIBS_set=
ac_cv_env_SBC_LIBS_value=
ac_cv_env_SPEEXDSP_CFLAGS_set=
ac_cv_env_SPEEXDSP_CFLAGS_value=
ac_cv_env_SPEEXDSP_LIBS_set=
ac_cv_env_SPEEXDSP_LIBS_value=
ac_cv_env_UDEV_CFLAGS_set=
ac_cv_env_UDEV_CFLAGS_value=
ac_cv_env_UDEV_LIBS_set=
ac_cv_env_UDEV_LIBS_value=
ac_cv_env_build_alias_set=
ac_cv_env_build_alias_value=
ac_cv_env_host_alias_set=
ac_cv_env_host_alias_value=
ac_cv_env_target_alias_set=
ac_cv_env_target_alias_value=
ac_cv_func_explicit_bzero=yes
ac_cv_func_signalfd=yes
ac_cv_header_dlfcn_h=yes
ac_cv_header_inttypes_h=yes
ac_cv_header_linux_if_alg_h=yes
ac_cv_header_linux_types_h=yes
ac_cv_header_memory_h=yes
ac_cv_header_readline_readline_h=yes
ac_cv_header_stdc=yes
ac_cv_header_stdint_h=yes
ac_cv_header_stdlib_h=yes
ac_cv_header_string_h=yes
ac_cv_header_strings_h=yes
ac_cv_header_sys_stat_h=yes
ac_cv_header_sys_types_h=yes
ac_cv_header_unistd_h=yes
ac_cv_host=armv7l-unknown-linux-gnueabihf
ac_cv_lib_dl_dlopen=yes
ac_cv_lib_pthread_pthread_create=yes
ac_cv_lib_rt_clock_gettime=yes
ac_cv_lib_udev_udev_hwdb_new=yes
ac_cv_objext=o
ac_cv_path_EGREP='/bin/grep -E'
ac_cv_path_FGREP='/bin/grep -F'
ac_cv_path_GREP=/bin/grep
ac_cv_path_SED=/bin/sed
ac_cv_path_ac_pt_PKG_CONFIG=/usr/bin/pkg-config
ac_cv_path_install='/usr/bin/install -c'
ac_cv_path_lt_DD=/bin/dd
ac_cv_path_mkdir=/bin/mkdir
ac_cv_prog_AWK=mawk
ac_cv_prog_CPP='gcc -E'
ac_cv_prog_ac_ct_AR=ar
ac_cv_prog_ac_ct_CC=gcc
ac_cv_prog_ac_ct_MANIFEST_TOOL=mt
ac_cv_prog_ac_ct_OBJDUMP=objdump
ac_cv_prog_ac_ct_RANLIB=ranlib
ac_cv_prog_ac_ct_STRIP=strip
ac_cv_prog_cc_c89=
ac_cv_prog_cc_g=yes
ac_cv_prog_cc_pie=yes
ac_cv_prog_make_make_set=yes
am_cv_CC_dependencies_compiler_type=gcc3
am_cv_make_support_nested_variables=yes
am_cv_prog_cc_c_o=yes
am_cv_prog_tar_pax=gnutar
lt_cv_ar_at_file=@
lt_cv_archive_cmds_need_lc=no
lt_cv_deplibs_check_method=pass_all
lt_cv_file_magic_cmd='$MAGIC_CMD'
lt_cv_file_magic_test_file=
lt_cv_ld_reload_flag=-r
lt_cv_nm_interface='BSD nm'
lt_cv_objdir=.libs
lt_cv_path_LD=/usr/bin/ld
lt_cv_path_NM='/usr/bin/nm -B'
lt_cv_path_mainfest_tool=no
lt_cv_prog_compiler_c_o=yes
lt_cv_prog_compiler_pic='-fPIC -DPIC'
lt_cv_prog_compiler_pic_works=yes
lt_cv_prog_compiler_rtti_exceptions=no
lt_cv_prog_compiler_static_works=yes
lt_cv_prog_gnu_ld=yes
lt_cv_sharedlib_from_linklib_cmd='printf %s\n'
lt_cv_shlibpath_overrides_runpath=yes
lt_cv_sys_global_symbol_pipe='sed -n -e '\''s/^.*[	 ]\([ABCDGIRSTW][ABCDGIRSTW]*\)[	 ][	 ]*\([_A-Za-z][_A-Za-z0-9]*\)$/\1 \2 \2/p'\'' | sed '\''/ __gnu_lto/d'\'''
lt_cv_sys_global_symbol_to_c_name_address='sed -n -e '\''s/^: \(.*\) .*$/  {"\1", (void *) 0},/p'\'' -e '\''s/^[ABCDGIRSTW][ABCDGIRSTW]* .* \(.*\)$/  {"\1", (void *) \&\1},/p'\'''
lt_cv_sys_global_symbol_to_c_name_address_lib_prefix='sed -n -e '\''s/^: \(.*\) .*$/  {"\1", (void *) 0},/p'\'' -e '\''s/^[ABCDGIRSTW][ABCDGIRSTW]* .* \(lib.*\)$/  {"\1", (void *) \&\1},/p'\'' -e '\''s/^[ABCDGIRSTW][ABCDGIRSTW]* .* \(.*\)$/  {"lib\1", (void *) \&\1},/p'\'''
lt_cv_sys_global_symbol_to_cdecl='sed -n -e '\''s/^T .* \(.*\)$/extern int \1();/p'\'' -e '\''s/^[ABCDGIRSTW][ABCDGIRSTW]* .* \(.*\)$/extern char \1;/p'\'''
lt_cv_sys_global_symbol_to_import=
lt_cv_sys_max_cmd_len=1572864
lt_cv_to_host_file_cmd=func_convert_file_noop
lt_cv_to_tool_file_cmd=func_convert_file_noop
lt_cv_truncate_bin='/bin/dd bs=4096 count=1'
pkg_cv_DBUS_CFLAGS='-I/usr/include/dbus-1.0 -I/usr/lib/arm-linux-gnueabihf/dbus-1.0/include'
pkg_cv_DBUS_LIBS=-ldbus-1
pkg_cv_GLIB_CFLAGS='-I/usr/include/glib-2.0 -I/usr/lib/arm-linux-gnueabihf/glib-2.0/include'
pkg_cv_GLIB_LIBS=-lglib-2.0
pkg_cv_ICAL_CFLAGS=
pkg_cv_ICAL_LIBS='-lical -licalss -licalvcal'
pkg_cv_UDEV_CFLAGS=
pkg_cv_UDEV_LIBS=-ludev

## ----------------- ##
## Output variables. ##
## ----------------- ##

A2DP_FALSE='#'
A2DP_TRUE=''
ACLOCAL='${SHELL} /home/pi/bluez/bluez-5.54/missing aclocal-1.16'
ALSA_CFLAGS=''
ALSA_LIBS=''
AMDEPBACKSLASH='\'
AMDEP_FALSE='#'
AMDEP_TRUE=''
AMTAR='$${TAR-tar}'
AM_BACKSLASH='\'
AM_DEFAULT_V='$(AM_DEFAULT_VERBOSITY)'
AM_DEFAULT_VERBOSITY='0'
AM_V='$(V)'
ANDROID_FALSE=''
ANDROID_TRUE='#'
AR='ar'
AUTOCONF='${SHELL} /home/pi/bluez/bluez-5.54/missing autoconf'
AUTOHEADER='${SHELL} /home/pi/bluez/bluez-5.54/missing autoheader'
AUTOMAKE='${SHELL} /home/pi/bluez/bluez-5.54/missing automake-1.16'
AVRCP_FALSE='#'
AVRCP_TRUE=''
AWK='mawk'
BACKTRACE_CFLAGS=''
BACKTRACE_LIBS=''
BTPCLIENT_FALSE=''
BTPCLIENT_TRUE='#'
CC='gcc'
CCDEPMODE='depmode=gcc3'
CFLAGS='-g -O2'
CLIENT_FALSE='#'
CLIENT_TRUE=''
CONFIGDIR='/usr/local/etc/bluetooth'
COVERAGE_FALSE=''
COVERAGE_TRUE='#'
CPP='gcc -E'
CPPFLAGS=''
CUPS_FALSE='#'
CUPS_TRUE=''
CYGPATH_W='echo'
DATAFILES_FALSE='#'
DATAFILES_TRUE=''
DBUS_CFLAGS='-I/usr/include/dbus-1.0 -I/usr/lib/arm-linux-gnueabihf/dbus-1.0/include'
DBUS_CONFDIR='/etc'
DBUS_LIBS='-ldbus-1'
DBUS_RUN_SESSION_FALSE=''
DBUS_RUN_SESSION_TRUE='#'
DBUS_SESSIONBUSDIR='/usr/share/dbus-1/services'
DBUS_SYSTEMBUSDIR='/usr/share/dbus-1/system-services'
DEFS='-DHAVE_CONFIG_H'
DEPDIR='.deps'
DEPRECATED_FALSE=''
DEPRECATED_TRUE='#'
DLLTOOL='false'
DSYMUTIL=''
DUMPBIN=''
ECHO_C=''
ECHO_N='-n'
ECHO_T=''
EGREP='/bin/grep -E'
ELL_CFLAGS=''
ELL_LIBS=''
EXEEXT=''
EXPERIMENTAL_FALSE=''
EXPERIMENTAL_TRUE='#'
EXTERNAL_ELL_FALSE='#'
EXTERNAL_ELL_TRUE=''
FGREP='/bin/grep -F'
GLIB_CFLAGS='-I/usr/include/glib-2.0 -I/usr/lib/arm-linux-gnueabihf/glib-2.0/include'
GLIB_LIBS='-lglib-2.0'
GREP='/bin/grep'
GTHREAD_CFLAGS=''
GTHREAD_LIBS=''
HEALTH_FALSE=''
HEALTH_TRUE='#'
HID2HCI_FALSE='#'
HID2HCI_TRUE=''
HID_FALSE='#'
HID_TRUE=''
HOG_FALSE='#'
HOG_TRUE=''
ICAL_CFLAGS=''
ICAL_LIBS='-lical -licalss -licalvcal'
INSTALL_DATA='${INSTALL} -m 644'
INSTALL_PROGRAM='${INSTALL}'
INSTALL_SCRIPT='${INSTALL}'
INSTALL_STRIP_PROGRAM='$(install_sh) -c -s'
JSONC_CFLAGS=''
JSONC_LIBS=''
JSON_CFLAGS=''
JSON_LIBS=''
LD='/usr/bin/ld'
LDFLAGS=''
LIBOBJS=''
LIBRARY_FALSE=''
LIBRARY_TRUE='#'
LIBS=''
LIBSHARED_ELL_FALSE=''
LIBSHARED_ELL_TRUE='#'
LIBTOOL='$(SHELL) $(top_builddir)/libtool'
LIPO=''
LN_S='ln -s'
LOGGER_FALSE=''
LOGGER_TRUE='#'
LTLIBOBJS=''
LT_SYS_LIBRARY_PATH=''
MAINT='#'
MAINTAINER_MODE_FALSE=''
MAINTAINER_MODE_TRUE='#'
MAKEINFO='${SHELL} /home/pi/bluez/bluez-5.54/missing makeinfo'
MANIFEST_TOOL=':'
MANPAGES_FALSE=''
MANPAGES_TRUE='#'
MESH_FALSE=''
MESH_TRUE='#'
MIDI_FALSE=''
MIDI_TRUE='#'
MISC_CFLAGS=''
MISC_LDFLAGS=''
MKDIR_P='/bin/mkdir -p'
MONITOR_FALSE='#'
MONITOR_TRUE=''
NETWORK_FALSE='#'
NETWORK_TRUE=''
NFC_FALSE=''
NFC_TRUE='#'
NM='/usr/bin/nm -B'
NMEDIT=''
OBEX_FALSE='#'
OBEX_TRUE=''
OBJDUMP='objdump'
OBJEXT='o'
OTOOL64=''
OTOOL=''
PACKAGE='bluez'
PACKAGE_BUGREPORT=''
PACKAGE_NAME='bluez'
PACKAGE_STRING='bluez 5.54'
PACKAGE_TARNAME='bluez'
PACKAGE_URL=''
PACKAGE_VERSION='5.54'
PATH_SEPARATOR=':'
PKG_CONFIG='/usr/bin/pkg-config'
PKG_CONFIG_LIBDIR=''
PKG_CONFIG_PATH=''
RANLIB='ranlib'
READLINE_FALSE='#'
READLINE_TRUE=''
SAP_FALSE=''
SAP_TRUE='#'
SBC_CFLAGS=''
SBC_LIBS=''
SED='/bin/sed'
SET_MAKE=''
SHELL='/bin/bash'
SIXAXIS_FALSE=''
SIXAXIS_TRUE='#'
SPEEXDSP_CFLAGS=''
SPEEXDSP_LIBS=''
STRIP='strip'
SYSTEMD_FALSE=''
SYSTEMD_SYSTEMUNITDIR=''
SYSTEMD_TRUE='#'
SYSTEMD_USERUNITDIR=''
TESTING_FALSE=''
TESTING_TRUE='#'
TEST_FALSE=''
TEST_TRUE='#'
TOOLS_FALSE='#'
TOOLS_TRUE=''
UDEV_CFLAGS=''
UDEV_DIR='/lib/udev'
UDEV_FALSE='#'
UDEV_LIBS='-ludev'
UDEV_TRUE=''
VALGRIND_FALSE=''
VALGRIND_TRUE='#'
VERSION='5.54'
WARNING_CFLAGS=''
ZSH_COMPLETIONDIR='${prefix}/share/zsh/site-functions'
ZSH_COMPLETIONS_FALSE='#'
ZSH_COMPLETIONS_TRUE=''
ac_ct_AR='ar'
ac_ct_CC='gcc'
ac_ct_DUMPBIN=''
am__EXEEXT_FALSE=''
am__EXEEXT_TRUE='#'
am__fastdepCC_FALSE='#'
am__fastdepCC_TRUE=''
am__include='include'
am__isrc=''
am__leading_dot='.'
am__nodep='_no'
am__quote=''
am__tar='tar --format=posix -chf - "$$tardir"'
am__untar='tar -xf -'
bindir='${exec_prefix}/bin'
build='armv7l-unknown-linux-gnueabihf'
build_alias=''
build_cpu='armv7l'
build_os='linux-gnueabihf'
build_vendor='unknown'
datadir='${datarootdir}'
datarootdir='${prefix}/share'
docdir='${datarootdir}/doc/${PACKAGE_TARNAME}'
dvidir='${docdir}'
enable_coverage=''
enable_dbus_run_session=''
enable_valgrind=''
exec_prefix='${prefix}'
host='armv7l-unknown-linux-gnueabihf'
host_alias=''
host_cpu='armv7l'
host_os='linux-gnueabihf'
host_vendor='unknown'
htmldir='${docdir}'
includedir='${prefix}/include'
infodir='${datarootdir}/info'
install_sh='${SHELL} /home/pi/bluez/bluez-5.54/install-sh'
libdir='${exec_prefix}/lib'
libexecdir='${exec_prefix}/libexec'
localedir='${datarootdir}/locale'
localstatedir='/var'
mandir='${datarootdir}/man'
mkdir_p='$(MKDIR_P)'
oldincludedir='/usr/include'
pdfdir='${docdir}'
prefix='/usr/local'
program_transform_name='s,x,x,'
psdir='${docdir}'
runstatedir='${localstatedir}/run'
sbindir='${exec_prefix}/sbin'
sharedstatedir='${prefix}/com'
sysconfdir='${prefix}/etc'
target_alias=''

## ----------- ##
## confdefs.h. ##
## ----------- ##

/* confdefs.h */
#define PACKAGE_NAME "bluez"
#define PACKAGE_TARNAME "bluez"
#define PACKAGE_VERSION "5.54"
#define PACKAGE_STRING "bluez 5.54"
#define PACKAGE_BUGREPORT ""
#define PACKAGE_URL ""
#define PACKAGE "bluez"
#define VERSION "5.54"
#define restrict __restrict
#define STDC_HEADERS 1
#define HAVE_SYS_TYPES_H 1
#define HAVE_SYS_STAT_H 1
#define HAVE_STDLIB_H 1
#define HAVE_STRING_H 1
#define HAVE_MEMORY_H 1
#define HAVE_STRINGS_H 1
#define HAVE_INTTYPES_H 1
#define HAVE_STDINT_H 1
#define HAVE_UNISTD_H 1
#define HAVE_DLFCN_H 1
#define LT_OBJDIR ".libs/"
#define HAVE_EXPLICIT_BZERO 1
#define HAVE_LINUX_TYPES_H 1
#define HAVE_LINUX_IF_ALG_H 1
#define HAVE_UDEV_HWDB_NEW 1
#define HAVE_READLINE_READLINE_H 1
#define STORAGEDIR "/var/lib/bluetooth"
#define CONFIGDIR "/usr/local/etc/bluetooth"
#define MESH_STORAGEDIR "/var/lib/bluetooth/mesh"
#define ANDROID_STORAGEDIR "/var/lib/bluetooth/android"

configure: exit 0
